<?xml version="1.0" encoding="UTF-8"?>
<!-- Generated by org.testng.reporters.JUnitReportReporter -->
<testsuite hostname="LIN80029182" failures="0" tests="1" name="TestNG.testngProject.DemoTestng" time="9.078" errors="0" timestamp="2022-08-22T16:27:06 IST" skipped="0">
  <testcase classname="TestNG.testngProject.DemoTestng" name="login" time="9.078"/>
  <system-out/>
</testsuite> <!-- TestNG.testngProject.DemoTestng -->
